#
# A fatal error has been detected by the Java Runtime Environment:
#
#  Internal Error (javaClasses.cpp:136), pid=6308, tid=4496
#  fatal error: Invalid layout of preloaded class
#
# JRE version:  (7.0_67-b01) (build )
# Java VM: Java HotSpot(TM) Client VM (24.65-b04 mixed mode windows-x86 )
# Failed to write core dump. Minidumps are not enabled by default on client versions of Windows
#
# If you would like to submit a bug report, please visit:
#   http://bugreport.sun.com/bugreport/crash.jsp
#

---------------  T H R E A D  ---------------

Current thread (0x0028c400):  JavaThread "Unknown thread" [_thread_in_vm, id=4496, stack(0x00350000,0x003a0000)]

Stack: [0x00350000,0x003a0000],  sp=0x0039f864,  free space=318k
Native frames: (J=compiled Java code, j=interpreted, Vv=VM code, C=native code)
V  [jvm.dll+0x190494]
V  [jvm.dll+0x18a116]
V  [jvm.dll+0x35d7a]
V  [jvm.dll+0x35e06]
V  [jvm.dll+0x4465d]
V  [jvm.dll+0x4490e]
V  [jvm.dll+0x92f8a]
V  [jvm.dll+0x9333b]
V  [jvm.dll+0x13fa31]
V  [jvm.dll+0x1626fc]
V  [jvm.dll+0xc9d6f]
C  [javaw.exe+0x13ce]
C  [javaw.exe+0x1e40]
C  [javaw.exe+0xa601]
C  [javaw.exe+0xa68b]
C  [kernel32.dll+0x1338a]
C  [ntdll.dll+0x39f72]
C  [ntdll.dll+0x39f45]


---------------  P R O C E S S  ---------------

Java Threads: ( => current thread )

Other Threads:

=>0x0028c400 (exited) JavaThread "Unknown thread" [_thread_in_vm, id=4496, stack(0x00350000,0x003a0000)]

VM state:not at safepoint (not fully initialized)

VM Mutex/Monitor currently owned by a thread: None

GC Heap History (0 events):
No events

Deoptimization events (0 events):
No events

Internal exceptions (0 events):
No events

Events (10 events):
Event: 0.006 loading class 0x00b49138
Event: 0.006 loading class 0x00b49138 done
Event: 0.006 loading class 0x00b49178
Event: 0.007 loading class 0x00b496e8
Event: 0.007 loading class 0x00b496e8 done
Event: 0.007 loading class 0x00b4f2f8
Event: 0.007 loading class 0x00b4f2f8 done
Event: 0.007 loading class 0x00b49178 done
Event: 0.007 loading class 0x00b49158
Event: 0.007 loading class 0x00b49158 done


Dynamic libraries:
0x01170000 - 0x0119f000 	C:\Program Files (x86)\Java\jre7\bin\javaw.exe
0x77e40000 - 0x77fc0000 	C:\Windows\SysWOW64\ntdll.dll
0x76840000 - 0x76950000 	C:\Windows\syswow64\kernel32.dll
0x765a0000 - 0x765e7000 	C:\Windows\syswow64\KERNELBASE.dll
0x75a90000 - 0x75b30000 	C:\Windows\syswow64\ADVAPI32.DLL
0x765f0000 - 0x7669c000 	C:\Windows\syswow64\msvcrt.dll
0x76730000 - 0x76749000 	C:\Windows\SysWOW64\sechost.dll
0x75b60000 - 0x75c50000 	C:\Windows\syswow64\RPCRT4.dll
0x75840000 - 0x758a0000 	C:\Windows\syswow64\SspiCli.dll
0x75830000 - 0x7583c000 	C:\Windows\syswow64\CRYPTBASE.dll
0x75c60000 - 0x75d60000 	C:\Windows\syswow64\USER32.dll
0x766a0000 - 0x76730000 	C:\Windows\syswow64\GDI32.dll
0x75b50000 - 0x75b5a000 	C:\Windows\syswow64\LPK.dll
0x775f0000 - 0x7768d000 	C:\Windows\syswow64\USP10.dll
0x72dc0000 - 0x72f5e000 	C:\Windows\WinSxS\x86_microsoft.windows.common-controls_6595b64144ccf1df_6.0.7601.17514_none_41e6975e2bd6f2b2\COMCTL32.dll
0x767e0000 - 0x76837000 	C:\Windows\syswow64\SHLWAPI.dll
0x760b0000 - 0x76110000 	C:\Windows\system32\IMM32.DLL
0x778f0000 - 0x779bc000 	C:\Windows\syswow64\MSCTF.dll
0x57bf0000 - 0x57caf000 	C:\Program Files (x86)\Java\jre7\bin\msvcr100.dll
0x58a30000 - 0x58db8000 	C:\Program Files (x86)\Java\jre7\bin\client\jvm.dll
0x73d00000 - 0x73d07000 	C:\Windows\system32\WSOCK32.dll
0x76400000 - 0x76435000 	C:\Windows\syswow64\WS2_32.dll
0x775a0000 - 0x775a6000 	C:\Windows\syswow64\NSI.dll
0x73c90000 - 0x73cc2000 	C:\Windows\system32\WINMM.dll
0x76230000 - 0x76235000 	C:\Windows\syswow64\PSAPI.DLL
0x72360000 - 0x7236c000 	C:\Program Files (x86)\Java\jre7\bin\verify.dll
0x6cad0000 - 0x6caf0000 	C:\Program Files (x86)\Java\jre7\bin\java.dll
0x6cab0000 - 0x6cac3000 	C:\Program Files (x86)\Java\jre7\bin\zip.dll
0x57b00000 - 0x57beb000 	C:\Windows\system32\dbghelp.dll

VM Arguments:
jvm_args: -Dfile.encoding=Cp1252 -Xbootclasspath:C:\Program Files (x86)\leJOS NXJ\lib\nxt\classes.jar 
java_command: org.eclipse.jdt.internal.junit.runner.RemoteTestRunner -version 3 -port 56537 -testLoaderClass org.eclipse.jdt.internal.junit4.runner.JUnit4TestLoader -loaderpluginname org.eclipse.jdt.junit4.runtime -classNames shape.Test.testing
Launcher Type: SUN_STANDARD

Environment Variables:
PATH=C:/Program Files (x86)/Java/jre7/bin/client;C:/Program Files (x86)/Java/jre7/bin;C:/Program Files (x86)/Java/jre7/lib/i386;C:\ProgramData\Oracle\Java\javapath;C:\Windows\system32;C:\Windows;C:\Windows\System32\Wbem;C:\Windows\System32\WindowsPowerShell\v1.0\;c:\Program Files (x86)\Microsoft SQL Server\100\Tools\Binn\;c:\Program Files\Microsoft SQL Server\100\Tools\Binn\;c:\Program Files\Microsoft SQL Server\100\DTS\Binn\;C:\Program Files (x86)\IVI Foundation\VISA\WinNT\Bin;C:\Program Files (x86)\leJOS NXJ\bin;C:\Program Files\Java\jdk\bin:C:\Program Files\Java\jdk1.7.0\bin;C:\32 bit eclipse\eclipse;
USERNAME=awid5247
OS=Windows_NT
PROCESSOR_IDENTIFIER=Intel64 Family 6 Model 42 Stepping 7, GenuineIntel



---------------  S Y S T E M  ---------------

OS: Windows 7 , 64 bit Build 7601 Service Pack 1

CPU:total 4 (2 cores per cpu, 2 threads per core) family 6 model 42 stepping 7, cmov, cx8, fxsr, mmx, sse, sse2, sse3, ssse3, sse4.1, sse4.2, popcnt, avx, ht, tsc, tscinvbit

Memory: 4k page, physical 4079632k(1594644k free), swap 8157400k(5291932k free)

vm_info: Java HotSpot(TM) Client VM (24.65-b04) for windows-x86 JRE (1.7.0_67-b01), built on Jul 25 2014 10:20:53 by "java_re" with unknown MS VC++:1600

time: Fri Dec 12 12:22:28 2014
elapsed time: 0 seconds

