#
# A fatal error has been detected by the Java Runtime Environment:
#
#  Internal Error (javaClasses.cpp:136), pid=2680, tid=4532
#  fatal error: Invalid layout of preloaded class
#
# JRE version:  (7.0_67-b01) (build )
# Java VM: Java HotSpot(TM) Client VM (24.65-b04 mixed mode windows-x86 )
# Failed to write core dump. Minidumps are not enabled by default on client versions of Windows
#
# If you would like to submit a bug report, please visit:
#   http://bugreport.sun.com/bugreport/crash.jsp
#

---------------  T H R E A D  ---------------

Current thread (0x00bcc400):  JavaThread "Unknown thread" [_thread_in_vm, id=4532, stack(0x002b0000,0x00300000)]

Stack: [0x002b0000,0x00300000],  sp=0x002ff50c,  free space=317k
Native frames: (J=compiled Java code, j=interpreted, Vv=VM code, C=native code)
V  [jvm.dll+0x190494]
V  [jvm.dll+0x18a116]
V  [jvm.dll+0x35d7a]
V  [jvm.dll+0x35e06]
V  [jvm.dll+0x4465d]
V  [jvm.dll+0x4490e]
V  [jvm.dll+0x92f8a]
V  [jvm.dll+0x9333b]
V  [jvm.dll+0x13fa31]
V  [jvm.dll+0x1626fc]
V  [jvm.dll+0xc9d6f]
C  [javaw.exe+0x13ce]
C  [javaw.exe+0x1e40]
C  [javaw.exe+0xa601]
C  [javaw.exe+0xa68b]
C  [kernel32.dll+0x1338a]
C  [ntdll.dll+0x39f72]
C  [ntdll.dll+0x39f45]


---------------  P R O C E S S  ---------------

Java Threads: ( => current thread )

Other Threads:

=>0x00bcc400 (exited) JavaThread "Unknown thread" [_thread_in_vm, id=4532, stack(0x002b0000,0x00300000)]

VM state:not at safepoint (not fully initialized)

VM Mutex/Monitor currently owned by a thread: None

GC Heap History (0 events):
No events

Deoptimization events (0 events):
No events

Internal exceptions (0 events):
No events

Events (10 events):
Event: 0.004 loading class 0x02069138
Event: 0.004 loading class 0x02069138 done
Event: 0.004 loading class 0x02069178
Event: 0.004 loading class 0x020696e8
Event: 0.004 loading class 0x020696e8 done
Event: 0.004 loading class 0x0206f2f8
Event: 0.004 loading class 0x0206f2f8 done
Event: 0.004 loading class 0x02069178 done
Event: 0.004 loading class 0x02069158
Event: 0.005 loading class 0x02069158 done


Dynamic libraries:
0x00c00000 - 0x00c2f000 	C:\Program Files (x86)\Java\jre7\bin\javaw.exe
0x77d20000 - 0x77ea0000 	C:\Windows\SysWOW64\ntdll.dll
0x776e0000 - 0x777f0000 	C:\Windows\syswow64\kernel32.dll
0x77690000 - 0x776d7000 	C:\Windows\syswow64\KERNELBASE.dll
0x76ae0000 - 0x76b80000 	C:\Windows\syswow64\ADVAPI32.DLL
0x770a0000 - 0x7714c000 	C:\Windows\syswow64\msvcrt.dll
0x77300000 - 0x77319000 	C:\Windows\SysWOW64\sechost.dll
0x77370000 - 0x77460000 	C:\Windows\syswow64\RPCRT4.dll
0x75720000 - 0x75780000 	C:\Windows\syswow64\SspiCli.dll
0x75710000 - 0x7571c000 	C:\Windows\syswow64\CRYPTBASE.dll
0x769e0000 - 0x76ae0000 	C:\Windows\syswow64\USER32.dll
0x77460000 - 0x774f0000 	C:\Windows\syswow64\GDI32.dll
0x771d0000 - 0x771da000 	C:\Windows\syswow64\LPK.dll
0x759a0000 - 0x75a3d000 	C:\Windows\syswow64\USP10.dll
0x72ca0000 - 0x72e3e000 	C:\Windows\WinSxS\x86_microsoft.windows.common-controls_6595b64144ccf1df_6.0.7601.17514_none_41e6975e2bd6f2b2\COMCTL32.dll
0x75940000 - 0x75997000 	C:\Windows\syswow64\SHLWAPI.dll
0x76bd0000 - 0x76c30000 	C:\Windows\system32\IMM32.DLL
0x777f0000 - 0x778bc000 	C:\Windows\syswow64\MSCTF.dll
0x56ff0000 - 0x570af000 	C:\Program Files (x86)\Java\jre7\bin\msvcr100.dll
0x53db0000 - 0x54138000 	C:\Program Files (x86)\Java\jre7\bin\client\jvm.dll
0x752d0000 - 0x752d7000 	C:\Windows\system32\WSOCK32.dll
0x769a0000 - 0x769d5000 	C:\Windows\syswow64\WS2_32.dll
0x771e0000 - 0x771e6000 	C:\Windows\syswow64\NSI.dll
0x75260000 - 0x75292000 	C:\Windows\system32\WINMM.dll
0x75a40000 - 0x75a45000 	C:\Windows\syswow64\PSAPI.DLL
0x54400000 - 0x5440c000 	C:\Program Files (x86)\Java\jre7\bin\verify.dll
0x543e0000 - 0x54400000 	C:\Program Files (x86)\Java\jre7\bin\java.dll
0x543c0000 - 0x543d3000 	C:\Program Files (x86)\Java\jre7\bin\zip.dll
0x522b0000 - 0x5239b000 	C:\Windows\system32\dbghelp.dll

VM Arguments:
jvm_args: -Dfile.encoding=Cp1252 -Xbootclasspath:C:\Program Files (x86)\leJOS NXJ\lib\nxt\classes.jar 
java_command: org.eclipse.jdt.internal.junit.runner.RemoteTestRunner -version 3 -port 3233 -testLoaderClass org.eclipse.jdt.internal.junit4.runner.JUnit4TestLoader -loaderpluginname org.eclipse.jdt.junit4.runtime -classNames shape.Test.DrawingTester
Launcher Type: SUN_STANDARD

Environment Variables:
PATH=C:/Program Files (x86)/Java/jre7/bin/client;C:/Program Files (x86)/Java/jre7/bin;C:/Program Files (x86)/Java/jre7/lib/i386;C:\ProgramData\Oracle\Java\javapath;C:\Windows\system32;C:\Windows;C:\Windows\System32\Wbem;C:\Windows\System32\WindowsPowerShell\v1.0\;c:\Program Files (x86)\Microsoft SQL Server\100\Tools\Binn\;c:\Program Files\Microsoft SQL Server\100\Tools\Binn\;c:\Program Files\Microsoft SQL Server\100\DTS\Binn\;C:\Program Files (x86)\IVI Foundation\VISA\WinNT\Bin;C:\Program Files (x86)\leJOS NXJ\bin;C:\Program Files\Java\jdk\bin:C:\Program Files\Java\jdk1.7.0\bin;C:\32 bit eclipse\eclipse;
USERNAME=awid5247
OS=Windows_NT
PROCESSOR_IDENTIFIER=Intel64 Family 6 Model 42 Stepping 7, GenuineIntel



---------------  S Y S T E M  ---------------

OS: Windows 7 , 64 bit Build 7601 Service Pack 1

CPU:total 4 (2 cores per cpu, 2 threads per core) family 6 model 42 stepping 7, cmov, cx8, fxsr, mmx, sse, sse2, sse3, ssse3, sse4.1, sse4.2, popcnt, avx, ht, tsc, tscinvbit

Memory: 4k page, physical 4079632k(1348708k free), swap 8157400k(4263856k free)

vm_info: Java HotSpot(TM) Client VM (24.65-b04) for windows-x86 JRE (1.7.0_67-b01), built on Jul 25 2014 10:20:53 by "java_re" with unknown MS VC++:1600

time: Tue Dec 16 12:18:35 2014
elapsed time: 0 seconds

